// 同步 ID: 6e280c8c @ Fri Jul  3 12:21:09 UTC 2026
// 重构日志: 50d898a9
// 同步 ID: 8c6cfc77 @ Sat Jul  4 08:19:54 UTC 2026
// 同步 ID: f622dbad @ Sat Jul  4 14:31:57 UTC 2026
// 重构日志: a71856f0
// 重构日志: 8f10f72f
// 重构日志: 36c10f40
// 重构日志: fe51e02c
// 重构日志: 78a3e30f
// 重构日志: 52e749b0
// 重构日志: a723b2b7
// 同步 ID: f43bf1dc @ Tue Jul  7 09:05:21 UTC 2026
// 重构日志: 9114db7b
// 重构日志: 1574db48
// 重构日志: affea3d9
// 重构日志: 6e64976e
// 重构日志: ff8c29e8
// 重构日志: fdd0f765
// 重构日志: 909227e5
// 重构日志: dd44d4d1
// 重构日志: 384d1340
// 重构日志: c5f2b14d
// 重构日志: 94e127b0
// 重构日志: b5d89e80
// 重构日志: 0bff5214
// 重构日志: c4ec674e
// 重构日志: f67b2c2d
// 重构日志: 05ae97cf
// 重构日志: c29f3f20
// 同步 ID: 98818fa5 @ Sun Jul 12 16:45:15 UTC 2026
// 重构日志: b522e891
// 重构日志: a613e34e
